<?xml version="1.0" encoding="UTF-8"?>
<testng-results ignored="0" total="2" passed="2" failed="0" skipped="0">
  <reporter-output>
  </reporter-output>
  <suite started-at="2025-01-20T16:27:53 IST" name="Suite" finished-at="2025-01-20T16:28:17 IST" duration-ms="24226">
    <groups>
    </groups>
    <test started-at="2025-01-20T16:27:53 IST" name="Test" finished-at="2025-01-20T16:28:17 IST" duration-ms="24226">
      <class name="com.NinjaTutorials.TestCases.Search">
        <test-method is-config="true" signature="setup()[pri:0, instance:com.NinjaTutorials.TestCases.Search@1d296da]" started-at="2025-01-20T16:28:08 IST" name="setup" finished-at="2025-01-20T16:28:15 IST" duration-ms="6976" status="PASS">
          <reporter-output>
          </reporter-output>
        </test-method> <!-- setup -->
        <test-method signature="verifySearchWithValidProduct()[pri:0, instance:com.NinjaTutorials.TestCases.Search@1d296da]" started-at="2025-01-20T16:28:15 IST" name="verifySearchWithValidProduct" finished-at="2025-01-20T16:28:16 IST" duration-ms="1069" status="PASS">
          <reporter-output>
          </reporter-output>
        </test-method> <!-- verifySearchWithValidProduct -->
        <test-method is-config="true" signature="tearDown()[pri:0, instance:com.NinjaTutorials.TestCases.Search@1d296da]" started-at="2025-01-20T16:28:16 IST" name="tearDown" finished-at="2025-01-20T16:28:17 IST" duration-ms="331" status="PASS">
          <reporter-output>
          </reporter-output>
        </test-method> <!-- tearDown -->
      </class> <!-- com.NinjaTutorials.TestCases.Search -->
      <class name="com.NinjaTutorials.TestCases.Login">
        <test-method is-config="true" signature="setUp()[pri:0, instance:com.NinjaTutorials.TestCases.Login@a1153bc]" started-at="2025-01-20T16:27:53 IST" name="setUp" finished-at="2025-01-20T16:28:07 IST" duration-ms="14173" status="PASS">
          <reporter-output>
          </reporter-output>
        </test-method> <!-- setUp -->
        <test-method signature="verifyLoginWithValidCredentials()[pri:0, instance:com.NinjaTutorials.TestCases.Login@a1153bc]" started-at="2025-01-20T16:28:07 IST" name="verifyLoginWithValidCredentials" finished-at="2025-01-20T16:28:07 IST" duration-ms="89" status="PASS">
          <reporter-output>
          </reporter-output>
        </test-method> <!-- verifyLoginWithValidCredentials -->
        <test-method is-config="true" signature="tearDown()[pri:0, instance:com.NinjaTutorials.TestCases.Login@a1153bc]" started-at="2025-01-20T16:28:07 IST" name="tearDown" finished-at="2025-01-20T16:28:08 IST" duration-ms="1543" status="PASS">
          <reporter-output>
          </reporter-output>
        </test-method> <!-- tearDown -->
      </class> <!-- com.NinjaTutorials.TestCases.Login -->
    </test> <!-- Test -->
  </suite> <!-- Suite -->
</testng-results>
